                                 Started job on |	Nov 07 12:19:19
                             Started mapping on |	Nov 07 12:19:34
                                    Finished on |	Nov 07 12:21:59
       Mapping speed, Million of reads per hour |	430.40

                          Number of input reads |	17335560
                      Average input read length |	50
                                    UNIQUE READS:
                   Uniquely mapped reads number |	14809963
                        Uniquely mapped reads % |	85.43%
                          Average mapped length |	49.84
                       Number of splices: Total |	2272172
            Number of splices: Annotated (sjdb) |	2259453
                       Number of splices: GT/AG |	2249028
                       Number of splices: GC/AG |	19534
                       Number of splices: AT/AC |	2520
               Number of splices: Non-canonical |	1090
                      Mismatch rate per base, % |	0.20%
                         Deletion rate per base |	0.00%
                        Deletion average length |	1.44
                        Insertion rate per base |	0.00%
                       Insertion average length |	1.28
                             MULTI-MAPPING READS:
        Number of reads mapped to multiple loci |	0
             % of reads mapped to multiple loci |	0.00%
        Number of reads mapped to too many loci |	2403663
             % of reads mapped to too many loci |	13.87%
                                  UNMAPPED READS:
       % of reads unmapped: too many mismatches |	0.00%
                 % of reads unmapped: too short |	0.56%
                     % of reads unmapped: other |	0.15%
                                  CHIMERIC READS:
                       Number of chimeric reads |	0
                            % of chimeric reads |	0.00%
